2025-01-28 03:25:01 Loading main app package /usr/lib/obsidian/obsidian.asar
2025-01-28 03:25:02 Checking for update using Github
2025-01-28 03:25:02 Success.
2025-01-28 03:25:02 Latest version is 1.7.7
2025-01-28 03:25:02 App is up to date.
2025-01-28 03:30:47 Loading main app package /usr/lib/obsidian/obsidian.asar
2025-01-28 03:30:48 Checking for update using Github
2025-01-28 03:30:48 Success.
2025-01-28 03:30:48 Latest version is 1.7.7
2025-01-28 03:30:48 App is up to date.
2025-01-28 21:30:17 Loading main app package /usr/lib/obsidian/obsidian.asar
2025-01-28 21:30:17 Checking for update using Github
2025-01-28 21:30:18 Success.
2025-01-28 21:30:18 Latest version is 1.7.7
2025-01-28 21:30:18 App is up to date.
2025-01-30 20:08:13 Loading main app package /usr/lib/obsidian/obsidian.asar
2025-01-30 20:08:13 Checking for update using Github
2025-01-30 20:08:14 Success.
2025-01-30 20:08:14 Latest version is 1.8.3
2025-01-30 20:08:14 Downloading update from https://github.com/obsidianmd/obsidian-releases/releases/download/v1.8.3/obsidian-1.8.3.asar.gz
2025-01-30 20:08:16 Verifying hash & signature. Size= 8123758
2025-01-30 20:08:16 Saving file
2025-01-30 20:08:17 Update complete.
2025-01-30 20:13:32 Loading updated app package /home/a3/.config/obsidian/obsidian-1.8.3.asar
2025-01-30 20:13:32 Checking for update using Github
